<?xml version="1.0" encoding="UTF-8"?>
<!-- Generated by org.testng.reporters.JUnitReportReporter -->
<testsuite hostname="LAPTOP-K8P78P73" failures="1" tests="1" name="_9BBCNewsTestNg.VerifySearchFeild" time="78.065" errors="0" timestamp="2023-09-25T23:06:16 IST" skipped="0">
  <testcase classname="_9BBCNewsTestNg.VerifySearchFeild" name="verifySearchFeildFunctionality" time="78.065">
    <failure message="expected [https://www.bbc.co.uk/search?q=India&amp;seqId=95d9adb0-5ba0-11ee-80c7-2b1544d18854&amp;d=news_gnl] but found [https://www.bbc.co.uk/search?q=India&amp;seqId=64ba0210-5bc9-11ee-96d0-f5a4ba12f07c&amp;d=news_gnl]" type="java.lang.AssertionError">
      <![CDATA[java.lang.AssertionError: expected [https://www.bbc.co.uk/search?q=India&seqId=95d9adb0-5ba0-11ee-80c7-2b1544d18854&d=news_gnl] but found [https://www.bbc.co.uk/search?q=India&seqId=64ba0210-5bc9-11ee-96d0-f5a4ba12f07c&d=news_gnl]
at org.testng.Assert.fail(Assert.java:111)
at org.testng.Assert.failNotEquals(Assert.java:1578)
at org.testng.Assert.assertEqualsImpl(Assert.java:150)
at org.testng.Assert.assertEquals(Assert.java:132)
at org.testng.Assert.assertEquals(Assert.java:656)
at org.testng.Assert.assertEquals(Assert.java:666)
at _9BBCNewsTestNg.VerifySearchFeild.verifySearchFeildFunctionality(VerifySearchFeild.java:60)
at java.base/jdk.internal.reflect.DirectMethodHandleAccessor.invoke(DirectMethodHandleAccessor.java:104)
at java.base/java.lang.reflect.Method.invoke(Method.java:578)
at org.testng.internal.invokers.MethodInvocationHelper.invokeMethod(MethodInvocationHelper.java:139)
at org.testng.internal.invokers.TestInvoker.invokeMethod(TestInvoker.java:664)
at org.testng.internal.invokers.TestInvoker.invokeTestMethod(TestInvoker.java:227)
at org.testng.internal.invokers.MethodRunner.runInSequence(MethodRunner.java:50)
at org.testng.internal.invokers.TestInvoker$MethodInvocationAgent.invoke(TestInvoker.java:957)
at org.testng.internal.invokers.TestInvoker.invokeTestMethods(TestInvoker.java:200)
at org.testng.internal.invokers.TestMethodWorker.invokeTestMethods(TestMethodWorker.java:148)
at org.testng.internal.invokers.TestMethodWorker.run(TestMethodWorker.java:128)
at java.base/java.util.ArrayList.forEach(ArrayList.java:1511)
at org.testng.TestRunner.privateRun(TestRunner.java:848)
at org.testng.TestRunner.run(TestRunner.java:621)
at org.testng.SuiteRunner.runTest(SuiteRunner.java:443)
at org.testng.SuiteRunner.runSequentially(SuiteRunner.java:437)
at org.testng.SuiteRunner.privateRun(SuiteRunner.java:397)
at org.testng.SuiteRunner.run(SuiteRunner.java:336)
at org.testng.SuiteRunnerWorker.runSuite(SuiteRunnerWorker.java:52)
at org.testng.SuiteRunnerWorker.run(SuiteRunnerWorker.java:95)
at org.testng.TestNG.runSuitesSequentially(TestNG.java:1280)
at org.testng.TestNG.runSuitesLocally(TestNG.java:1200)
at org.testng.TestNG.runSuites(TestNG.java:1114)
at org.testng.TestNG.run(TestNG.java:1082)
at org.testng.remote.AbstractRemoteTestNG.run(AbstractRemoteTestNG.java:115)
at org.testng.remote.RemoteTestNG.initAndRun(RemoteTestNG.java:251)
at org.testng.remote.RemoteTestNG.main(RemoteTestNG.java:77)
]]>
    </failure>
  </testcase> <!-- verifySearchFeildFunctionality -->
</testsuite> <!-- _9BBCNewsTestNg.VerifySearchFeild -->
